[spring.application.name_IS_UNDEFINED] [WARN ] [2016-10-17 21:13:26,238] [main] [org.springframework.boot.SpringApplication : 91] - Error handling failed (no error message)
[spring.application.name_IS_UNDEFINED] [ERROR] [2016-10-17 21:13:26,243] [main] [org.springframework.boot.SpringApplication : 839] - Application startup failed
java.lang.IllegalStateException: Logback configuration error detected: 
ERROR in ch.qos.logback.core.joran.action.PropertyAction - Could not find resource [invoice-title.properties].
	at org.springframework.boot.logging.logback.LogbackLoggingSystem.loadConfiguration(LogbackLoggingSystem.java:161)
	at org.springframework.boot.logging.logback.LogbackLoggingSystem.reinitialize(LogbackLoggingSystem.java:205)
	at org.springframework.boot.logging.AbstractLoggingSystem.initializeWithConventions(AbstractLoggingSystem.java:65)
	at org.springframework.boot.logging.AbstractLoggingSystem.initialize(AbstractLoggingSystem.java:50)
	at org.springframework.boot.logging.logback.LogbackLoggingSystem.initialize(LogbackLoggingSystem.java:114)
	at org.springframework.boot.logging.LoggingApplicationListener.initializeSystem(LoggingApplicationListener.java:299)
	at org.springframework.boot.logging.LoggingApplicationListener.initialize(LoggingApplicationListener.java:272)
	at org.springframework.boot.logging.LoggingApplicationListener.onApplicationEnvironmentPreparedEvent(LoggingApplicationListener.java:235)
	at org.springframework.boot.logging.LoggingApplicationListener.onApplicationEvent(LoggingApplicationListener.java:208)
	at org.springframework.context.event.SimpleApplicationEventMulticaster.invokeListener(SimpleApplicationEventMulticaster.java:166)
	at org.springframework.context.event.SimpleApplicationEventMulticaster.multicastEvent(SimpleApplicationEventMulticaster.java:138)
	at org.springframework.context.event.SimpleApplicationEventMulticaster.multicastEvent(SimpleApplicationEventMulticaster.java:121)
	at org.springframework.boot.context.event.EventPublishingRunListener.environmentPrepared(EventPublishingRunListener.java:68)
	at org.springframework.boot.SpringApplicationRunListeners.environmentPrepared(SpringApplicationRunListeners.java:54)
	at org.springframework.boot.SpringApplication.prepareEnvironment(SpringApplication.java:337)
	at org.springframework.boot.SpringApplication.run(SpringApplication.java:308)
	at org.springframework.boot.SpringApplication.run(SpringApplication.java:1186)
	at org.springframework.boot.SpringApplication.run(SpringApplication.java:1175)
	at com.nykko.MycustommoduleApplication.main(MycustommoduleApplication.java:10)
	at sun.reflect.NativeMethodAccessorImpl.invoke0(Native Method)
	at sun.reflect.NativeMethodAccessorImpl.invoke(NativeMethodAccessorImpl.java:62)
	at sun.reflect.DelegatingMethodAccessorImpl.invoke(DelegatingMethodAccessorImpl.java:43)
	at java.lang.reflect.Method.invoke(Method.java:497)
	at com.intellij.rt.execution.application.AppMain.main(AppMain.java:144)
[spring.application.name_IS_UNDEFINED] [INFO ] [2016-10-17 21:13:53,514] [main] [o.s.b.c.e.AnnotationConfigEmbeddedWebApplicationContext : 581] - Refreshing org.springframework.boot.context.embedded.AnnotationConfigEmbeddedWebApplicationContext@51399530: startup date [Mon Oct 17 21:13:53 CST 2016]; root of context hierarchy
[spring.application.name_IS_UNDEFINED] [INFO ] [2016-10-17 21:13:55,348] [main] [o.s.c.s.PostProcessorRegistrationDelegate$BeanPostProcessorChecker : 328] - Bean 'org.springframework.transaction.annotation.ProxyTransactionManagementConfiguration' of type [class org.springframework.transaction.annotation.ProxyTransactionManagementConfiguration$$EnhancerBySpringCGLIB$$5671bf1] is not eligible for getting processed by all BeanPostProcessors (for example: not eligible for auto-proxying)
[spring.application.name_IS_UNDEFINED] [INFO ] [2016-10-17 21:13:55,940] [main] [o.s.b.c.e.tomcat.TomcatEmbeddedServletContainer : 87] - Tomcat initialized with port(s): 8080 (http)
[spring.application.name_IS_UNDEFINED] [INFO ] [2016-10-17 21:13:56,074] [localhost-startStop-1] [org.springframework.web.context.ContextLoader : 276] - Root WebApplicationContext: initialization completed in 2564 ms
[spring.application.name_IS_UNDEFINED] [INFO ] [2016-10-17 21:13:56,244] [localhost-startStop-1] [o.s.boot.web.servlet.ServletRegistrationBean : 190] - Mapping servlet: 'dispatcherServlet' to [/]
[spring.application.name_IS_UNDEFINED] [INFO ] [2016-10-17 21:13:56,248] [localhost-startStop-1] [o.s.boot.web.servlet.FilterRegistrationBean : 258] - Mapping filter: 'characterEncodingFilter' to: [/*]
[spring.application.name_IS_UNDEFINED] [INFO ] [2016-10-17 21:13:56,248] [localhost-startStop-1] [o.s.boot.web.servlet.FilterRegistrationBean : 258] - Mapping filter: 'hiddenHttpMethodFilter' to: [/*]
[spring.application.name_IS_UNDEFINED] [INFO ] [2016-10-17 21:13:56,249] [localhost-startStop-1] [o.s.boot.web.servlet.FilterRegistrationBean : 258] - Mapping filter: 'httpPutFormContentFilter' to: [/*]
[spring.application.name_IS_UNDEFINED] [INFO ] [2016-10-17 21:13:56,250] [localhost-startStop-1] [o.s.boot.web.servlet.FilterRegistrationBean : 258] - Mapping filter: 'requestContextFilter' to: [/*]
[spring.application.name_IS_UNDEFINED] [INFO ] [2016-10-17 21:13:56,687] [main] [o.s.w.s.m.m.a.RequestMappingHandlerAdapter : 534] - Looking for @ControllerAdvice: org.springframework.boot.context.embedded.AnnotationConfigEmbeddedWebApplicationContext@51399530: startup date [Mon Oct 17 21:13:53 CST 2016]; root of context hierarchy
[spring.application.name_IS_UNDEFINED] [INFO ] [2016-10-17 21:13:56,774] [main] [o.s.w.s.m.m.a.RequestMappingHandlerMapping : 543] - Mapped "{[/api/demo],methods=[GET],produces=[application/json]}" onto public java.util.Map<java.lang.String, java.util.List<java.lang.Object>> com.nykko.rest.HomeController.querySomeJSON(java.lang.String)
[spring.application.name_IS_UNDEFINED] [INFO ] [2016-10-17 21:13:56,780] [main] [o.s.w.s.m.m.a.RequestMappingHandlerMapping : 543] - Mapped "{[/error]}" onto public org.springframework.http.ResponseEntity<java.util.Map<java.lang.String, java.lang.Object>> org.springframework.boot.autoconfigure.web.BasicErrorController.error(javax.servlet.http.HttpServletRequest)
[spring.application.name_IS_UNDEFINED] [INFO ] [2016-10-17 21:13:56,781] [main] [o.s.w.s.m.m.a.RequestMappingHandlerMapping : 543] - Mapped "{[/error],produces=[text/html]}" onto public org.springframework.web.servlet.ModelAndView org.springframework.boot.autoconfigure.web.BasicErrorController.errorHtml(javax.servlet.http.HttpServletRequest,javax.servlet.http.HttpServletResponse)
[spring.application.name_IS_UNDEFINED] [INFO ] [2016-10-17 21:13:56,826] [main] [o.s.web.servlet.handler.SimpleUrlHandlerMapping : 354] - Mapped URL path [/webjars/**] onto handler of type [class org.springframework.web.servlet.resource.ResourceHttpRequestHandler]
[spring.application.name_IS_UNDEFINED] [INFO ] [2016-10-17 21:13:56,827] [main] [o.s.web.servlet.handler.SimpleUrlHandlerMapping : 354] - Mapped URL path [/**] onto handler of type [class org.springframework.web.servlet.resource.ResourceHttpRequestHandler]
[spring.application.name_IS_UNDEFINED] [INFO ] [2016-10-17 21:13:56,899] [main] [o.s.web.servlet.handler.SimpleUrlHandlerMapping : 354] - Mapped URL path [/**/favicon.ico] onto handler of type [class org.springframework.web.servlet.resource.ResourceHttpRequestHandler]
[spring.application.name_IS_UNDEFINED] [INFO ] [2016-10-17 21:13:57,459] [main] [o.s.jmx.export.annotation.AnnotationMBeanExporter : 431] - Registering beans for JMX exposure on startup
[spring.application.name_IS_UNDEFINED] [INFO ] [2016-10-17 21:13:57,528] [main] [o.s.b.c.e.tomcat.TomcatEmbeddedServletContainer : 185] - Tomcat started on port(s): 8080 (http)
[spring.application.name_IS_UNDEFINED] [INFO ] [2016-10-17 21:14:19,389] [Thread-2] [o.s.b.c.e.AnnotationConfigEmbeddedWebApplicationContext : 982] - Closing org.springframework.boot.context.embedded.AnnotationConfigEmbeddedWebApplicationContext@51399530: startup date [Mon Oct 17 21:13:53 CST 2016]; root of context hierarchy
[spring.application.name_IS_UNDEFINED] [INFO ] [2016-10-17 21:14:19,391] [Thread-2] [o.s.jmx.export.annotation.AnnotationMBeanExporter : 449] - Unregistering JMX-exposed beans on shutdown
[spring.application.name_IS_UNDEFINED] [INFO ] [2016-10-17 21:40:53,467] [main] [o.s.b.c.e.AnnotationConfigEmbeddedWebApplicationContext : 581] - Refreshing org.springframework.boot.context.embedded.AnnotationConfigEmbeddedWebApplicationContext@36fc695d: startup date [Mon Oct 17 21:40:53 CST 2016]; root of context hierarchy
[spring.application.name_IS_UNDEFINED] [INFO ] [2016-10-17 21:40:55,139] [main] [o.s.c.s.PostProcessorRegistrationDelegate$BeanPostProcessorChecker : 328] - Bean 'org.springframework.transaction.annotation.ProxyTransactionManagementConfiguration' of type [class org.springframework.transaction.annotation.ProxyTransactionManagementConfiguration$$EnhancerBySpringCGLIB$$dc7295a1] is not eligible for getting processed by all BeanPostProcessors (for example: not eligible for auto-proxying)
[spring.application.name_IS_UNDEFINED] [INFO ] [2016-10-17 21:40:55,825] [main] [o.s.b.c.e.tomcat.TomcatEmbeddedServletContainer : 87] - Tomcat initialized with port(s): 8080 (http)
[spring.application.name_IS_UNDEFINED] [INFO ] [2016-10-17 21:40:56,008] [localhost-startStop-1] [org.springframework.web.context.ContextLoader : 276] - Root WebApplicationContext: initialization completed in 2545 ms
[spring.application.name_IS_UNDEFINED] [INFO ] [2016-10-17 21:40:56,199] [localhost-startStop-1] [o.s.boot.web.servlet.ServletRegistrationBean : 190] - Mapping servlet: 'dispatcherServlet' to [/]
[spring.application.name_IS_UNDEFINED] [INFO ] [2016-10-17 21:40:56,204] [localhost-startStop-1] [o.s.boot.web.servlet.FilterRegistrationBean : 258] - Mapping filter: 'characterEncodingFilter' to: [/*]
[spring.application.name_IS_UNDEFINED] [INFO ] [2016-10-17 21:40:56,205] [localhost-startStop-1] [o.s.boot.web.servlet.FilterRegistrationBean : 258] - Mapping filter: 'hiddenHttpMethodFilter' to: [/*]
[spring.application.name_IS_UNDEFINED] [INFO ] [2016-10-17 21:40:56,205] [localhost-startStop-1] [o.s.boot.web.servlet.FilterRegistrationBean : 258] - Mapping filter: 'httpPutFormContentFilter' to: [/*]
[spring.application.name_IS_UNDEFINED] [INFO ] [2016-10-17 21:40:56,206] [localhost-startStop-1] [o.s.boot.web.servlet.FilterRegistrationBean : 258] - Mapping filter: 'requestContextFilter' to: [/*]
[spring.application.name_IS_UNDEFINED] [INFO ] [2016-10-17 21:40:56,673] [main] [o.s.w.s.m.m.a.RequestMappingHandlerAdapter : 534] - Looking for @ControllerAdvice: org.springframework.boot.context.embedded.AnnotationConfigEmbeddedWebApplicationContext@36fc695d: startup date [Mon Oct 17 21:40:53 CST 2016]; root of context hierarchy
[spring.application.name_IS_UNDEFINED] [INFO ] [2016-10-17 21:40:56,803] [main] [o.s.w.s.m.m.a.RequestMappingHandlerMapping : 543] - Mapped "{[/api/demo],methods=[GET],produces=[application/json]}" onto public java.util.Map<java.lang.String, java.util.List<java.lang.Object>> com.nykko.rest.HomeController.querySomeJSON(java.lang.String)
[spring.application.name_IS_UNDEFINED] [INFO ] [2016-10-17 21:40:56,811] [main] [o.s.w.s.m.m.a.RequestMappingHandlerMapping : 543] - Mapped "{[/error]}" onto public org.springframework.http.ResponseEntity<java.util.Map<java.lang.String, java.lang.Object>> org.springframework.boot.autoconfigure.web.BasicErrorController.error(javax.servlet.http.HttpServletRequest)
[spring.application.name_IS_UNDEFINED] [INFO ] [2016-10-17 21:40:56,812] [main] [o.s.w.s.m.m.a.RequestMappingHandlerMapping : 543] - Mapped "{[/error],produces=[text/html]}" onto public org.springframework.web.servlet.ModelAndView org.springframework.boot.autoconfigure.web.BasicErrorController.errorHtml(javax.servlet.http.HttpServletRequest,javax.servlet.http.HttpServletResponse)
[spring.application.name_IS_UNDEFINED] [INFO ] [2016-10-17 21:40:56,879] [main] [o.s.web.servlet.handler.SimpleUrlHandlerMapping : 354] - Mapped URL path [/webjars/**] onto handler of type [class org.springframework.web.servlet.resource.ResourceHttpRequestHandler]
[spring.application.name_IS_UNDEFINED] [INFO ] [2016-10-17 21:40:56,879] [main] [o.s.web.servlet.handler.SimpleUrlHandlerMapping : 354] - Mapped URL path [/**] onto handler of type [class org.springframework.web.servlet.resource.ResourceHttpRequestHandler]
[spring.application.name_IS_UNDEFINED] [INFO ] [2016-10-17 21:40:56,975] [main] [o.s.web.servlet.handler.SimpleUrlHandlerMapping : 354] - Mapped URL path [/**/favicon.ico] onto handler of type [class org.springframework.web.servlet.resource.ResourceHttpRequestHandler]
[spring.application.name_IS_UNDEFINED] [INFO ] [2016-10-17 21:40:57,726] [main] [o.s.jmx.export.annotation.AnnotationMBeanExporter : 431] - Registering beans for JMX exposure on startup
[spring.application.name_IS_UNDEFINED] [INFO ] [2016-10-17 21:40:57,804] [main] [o.s.b.c.e.tomcat.TomcatEmbeddedServletContainer : 185] - Tomcat started on port(s): 8080 (http)
[spring.application.name_IS_UNDEFINED] [INFO ] [2016-10-17 21:41:06,744] [Thread-2] [o.s.b.c.e.AnnotationConfigEmbeddedWebApplicationContext : 982] - Closing org.springframework.boot.context.embedded.AnnotationConfigEmbeddedWebApplicationContext@36fc695d: startup date [Mon Oct 17 21:40:53 CST 2016]; root of context hierarchy
[spring.application.name_IS_UNDEFINED] [INFO ] [2016-10-17 21:41:06,746] [Thread-2] [o.s.jmx.export.annotation.AnnotationMBeanExporter : 449] - Unregistering JMX-exposed beans on shutdown
[spring.application.name_IS_UNDEFINED] [INFO ] [2016-10-17 21:41:11,817] [main] [o.s.b.c.e.AnnotationConfigEmbeddedWebApplicationContext : 581] - Refreshing org.springframework.boot.context.embedded.AnnotationConfigEmbeddedWebApplicationContext@51399530: startup date [Mon Oct 17 21:41:11 CST 2016]; root of context hierarchy
[spring.application.name_IS_UNDEFINED] [INFO ] [2016-10-17 21:41:14,008] [main] [o.s.c.s.PostProcessorRegistrationDelegate$BeanPostProcessorChecker : 328] - Bean 'org.springframework.transaction.annotation.ProxyTransactionManagementConfiguration' of type [class org.springframework.transaction.annotation.ProxyTransactionManagementConfiguration$$EnhancerBySpringCGLIB$$5671bf1] is not eligible for getting processed by all BeanPostProcessors (for example: not eligible for auto-proxying)
[spring.application.name_IS_UNDEFINED] [INFO ] [2016-10-17 21:41:14,808] [main] [o.s.b.c.e.tomcat.TomcatEmbeddedServletContainer : 87] - Tomcat initialized with port(s): 8080 (http)
[spring.application.name_IS_UNDEFINED] [INFO ] [2016-10-17 21:41:14,955] [localhost-startStop-1] [org.springframework.web.context.ContextLoader : 276] - Root WebApplicationContext: initialization completed in 3154 ms
[spring.application.name_IS_UNDEFINED] [INFO ] [2016-10-17 21:41:15,260] [localhost-startStop-1] [o.s.boot.web.servlet.ServletRegistrationBean : 190] - Mapping servlet: 'dispatcherServlet' to [/]
[spring.application.name_IS_UNDEFINED] [INFO ] [2016-10-17 21:41:15,267] [localhost-startStop-1] [o.s.boot.web.servlet.FilterRegistrationBean : 258] - Mapping filter: 'characterEncodingFilter' to: [/*]
[spring.application.name_IS_UNDEFINED] [INFO ] [2016-10-17 21:41:15,267] [localhost-startStop-1] [o.s.boot.web.servlet.FilterRegistrationBean : 258] - Mapping filter: 'hiddenHttpMethodFilter' to: [/*]
[spring.application.name_IS_UNDEFINED] [INFO ] [2016-10-17 21:41:15,268] [localhost-startStop-1] [o.s.boot.web.servlet.FilterRegistrationBean : 258] - Mapping filter: 'httpPutFormContentFilter' to: [/*]
[spring.application.name_IS_UNDEFINED] [INFO ] [2016-10-17 21:41:15,268] [localhost-startStop-1] [o.s.boot.web.servlet.FilterRegistrationBean : 258] - Mapping filter: 'requestContextFilter' to: [/*]
[spring.application.name_IS_UNDEFINED] [INFO ] [2016-10-17 21:41:15,800] [main] [o.s.w.s.m.m.a.RequestMappingHandlerAdapter : 534] - Looking for @ControllerAdvice: org.springframework.boot.context.embedded.AnnotationConfigEmbeddedWebApplicationContext@51399530: startup date [Mon Oct 17 21:41:11 CST 2016]; root of context hierarchy
[spring.application.name_IS_UNDEFINED] [INFO ] [2016-10-17 21:41:16,170] [main] [o.s.w.s.m.m.a.RequestMappingHandlerMapping : 543] - Mapped "{[/api/demo],methods=[GET],produces=[application/json]}" onto public java.util.Map<java.lang.String, java.util.List<java.lang.Object>> com.nykko.rest.HomeController.querySomeJSON(java.lang.String)
[spring.application.name_IS_UNDEFINED] [INFO ] [2016-10-17 21:41:16,182] [main] [o.s.w.s.m.m.a.RequestMappingHandlerMapping : 543] - Mapped "{[/error]}" onto public org.springframework.http.ResponseEntity<java.util.Map<java.lang.String, java.lang.Object>> org.springframework.boot.autoconfigure.web.BasicErrorController.error(javax.servlet.http.HttpServletRequest)
[spring.application.name_IS_UNDEFINED] [INFO ] [2016-10-17 21:41:16,182] [main] [o.s.w.s.m.m.a.RequestMappingHandlerMapping : 543] - Mapped "{[/error],produces=[text/html]}" onto public org.springframework.web.servlet.ModelAndView org.springframework.boot.autoconfigure.web.BasicErrorController.errorHtml(javax.servlet.http.HttpServletRequest,javax.servlet.http.HttpServletResponse)
[spring.application.name_IS_UNDEFINED] [INFO ] [2016-10-17 21:41:16,270] [main] [o.s.web.servlet.handler.SimpleUrlHandlerMapping : 354] - Mapped URL path [/webjars/**] onto handler of type [class org.springframework.web.servlet.resource.ResourceHttpRequestHandler]
[spring.application.name_IS_UNDEFINED] [INFO ] [2016-10-17 21:41:16,270] [main] [o.s.web.servlet.handler.SimpleUrlHandlerMapping : 354] - Mapped URL path [/**] onto handler of type [class org.springframework.web.servlet.resource.ResourceHttpRequestHandler]
[spring.application.name_IS_UNDEFINED] [INFO ] [2016-10-17 21:41:16,357] [main] [o.s.web.servlet.handler.SimpleUrlHandlerMapping : 354] - Mapped URL path [/**/favicon.ico] onto handler of type [class org.springframework.web.servlet.resource.ResourceHttpRequestHandler]
[spring.application.name_IS_UNDEFINED] [INFO ] [2016-10-17 21:41:16,959] [main] [o.s.jmx.export.annotation.AnnotationMBeanExporter : 431] - Registering beans for JMX exposure on startup
[spring.application.name_IS_UNDEFINED] [INFO ] [2016-10-17 21:41:17,225] [main] [o.s.b.c.e.tomcat.TomcatEmbeddedServletContainer : 185] - Tomcat started on port(s): 8080 (http)
[spring.application.name_IS_UNDEFINED] [INFO ] [2016-10-17 21:42:19,824] [Thread-2] [o.s.b.c.e.AnnotationConfigEmbeddedWebApplicationContext : 982] - Closing org.springframework.boot.context.embedded.AnnotationConfigEmbeddedWebApplicationContext@51399530: startup date [Mon Oct 17 21:41:11 CST 2016]; root of context hierarchy
[spring.application.name_IS_UNDEFINED] [INFO ] [2016-10-17 21:42:19,830] [Thread-2] [o.s.jmx.export.annotation.AnnotationMBeanExporter : 449] - Unregistering JMX-exposed beans on shutdown
